[2021-05-09T11:57:53.116977+02:00] PHP_BASICS.INFO: SELECT * FROM tasks [] []
[2021-05-09T11:57:59.671461+02:00] PHP_BASICS.INFO: INSERT INTO tasks (description) VALUES (?) [] []
[2021-05-09T11:57:59.889686+02:00] PHP_BASICS.INFO: SELECT * FROM tasks [] []
[2021-05-09T11:58:03.433787+02:00] PHP_BASICS.INFO: INSERT INTO tasks (description) VALUES (?) [] []
[2021-05-09T11:58:03.542462+02:00] PHP_BASICS.INFO: SELECT * FROM tasks [] []
[2021-05-09T11:58:46.169112+02:00] PHP_BASICS.INFO: DELETE FROM tasks WHERE id = 2 [] []
[2021-05-09T11:58:46.336977+02:00] PHP_BASICS.INFO: SELECT * FROM tasks [] []
[2021-05-09T12:14:02.803980+02:00] PHP_BASICS.INFO: DELETE FROM tasks WHERE id = 1 [] []
[2021-05-09T12:14:02.916517+02:00] PHP_BASICS.INFO: SELECT * FROM tasks [] []
[2021-05-09T12:14:06.915364+02:00] PHP_BASICS.INFO: INSERT INTO tasks (description) VALUES (?) [] []
[2021-05-09T12:14:07.068381+02:00] PHP_BASICS.INFO: SELECT * FROM tasks [] []
[2021-05-09T12:14:09.518995+02:00] PHP_BASICS.INFO: INSERT INTO tasks (description) VALUES (?) [] []
[2021-05-09T12:14:09.679028+02:00] PHP_BASICS.INFO: SELECT * FROM tasks [] []
[2021-05-09T12:14:10.934307+02:00] PHP_BASICS.INFO: SELECT * FROM tasks [] []
[2021-05-09T12:14:11.601771+02:00] PHP_BASICS.INFO: SELECT * FROM tasks WHERE completed = 0 [] []
[2021-05-09T12:14:12.238045+02:00] PHP_BASICS.INFO: SELECT * FROM tasks WHERE completed = 1 [] []
[2021-05-09T12:14:12.585597+02:00] PHP_BASICS.INFO: SELECT * FROM tasks WHERE completed = 1 [] []
[2021-05-09T12:14:13.353675+02:00] PHP_BASICS.INFO: SELECT * FROM tasks WHERE completed = 0 [] []
[2021-05-09T12:14:14.475264+02:00] PHP_BASICS.INFO: SELECT * FROM tasks WHERE completed = 1 [] []
[2021-05-09T12:14:16.123574+02:00] PHP_BASICS.INFO: SELECT * FROM tasks WHERE completed = 0 [] []
[2021-05-09T12:14:17.414550+02:00] PHP_BASICS.INFO: SELECT * FROM tasks [] []
[2021-05-09T12:18:00.122779+02:00] PHP_BASICS.INFO: SELECT * FROM tasks [] []
[2021-05-09T12:18:03.966285+02:00] PHP_BASICS.INFO: INSERT INTO tasks (description) VALUES (?) [] []
[2021-05-09T12:18:04.096356+02:00] PHP_BASICS.INFO: SELECT * FROM tasks [] []
[2021-05-09T12:18:05.494059+02:00] PHP_BASICS.INFO: UPDATE tasks SET completed = ?  WHERE id = 3 [] []
[2021-05-09T12:18:05.660582+02:00] PHP_BASICS.INFO: SELECT * FROM tasks [] []
[2021-05-09T12:18:06.230709+02:00] PHP_BASICS.INFO: UPDATE tasks SET completed = ?  WHERE id = 4 [] []
[2021-05-09T12:18:06.461991+02:00] PHP_BASICS.INFO: SELECT * FROM tasks [] []
[2021-05-09T12:18:07.010432+02:00] PHP_BASICS.INFO: UPDATE tasks SET completed = ?  WHERE id = 5 [] []
[2021-05-09T12:18:07.182270+02:00] PHP_BASICS.INFO: SELECT * FROM tasks [] []
[2021-05-09T12:18:09.093290+02:00] PHP_BASICS.INFO: SELECT * FROM tasks WHERE completed = 1 [] []
[2021-05-09T12:18:09.779678+02:00] PHP_BASICS.INFO: SELECT * FROM tasks WHERE completed = 0 [] []
[2021-05-09T12:18:10.690615+02:00] PHP_BASICS.INFO: SELECT * FROM tasks [] []
[2021-05-09T12:18:13.457184+02:00] PHP_BASICS.INFO: INSERT INTO tasks (description) VALUES (?) [] []
[2021-05-09T12:18:13.550152+02:00] PHP_BASICS.INFO: SELECT * FROM tasks [] []
[2021-05-09T12:18:15.066645+02:00] PHP_BASICS.INFO: SELECT * FROM tasks WHERE completed = 0 [] []
[2021-05-09T12:18:16.347808+02:00] PHP_BASICS.INFO: SELECT * FROM tasks [] []
[2021-05-09T12:19:59.949469+02:00] PHP_BASICS.INFO: UPDATE tasks SET completed = ?  WHERE id = 6 [] []
[2021-05-09T12:20:00.042402+02:00] PHP_BASICS.INFO: SELECT * FROM tasks [] []
[2021-05-09T12:23:02.430515+02:00] PHP_BASICS.INFO: SELECT * FROM tasks WHERE completed = 0 [] []
[2021-05-09T12:23:03.048151+02:00] PHP_BASICS.INFO: SELECT * FROM tasks WHERE completed = 1 [] []
[2021-05-09T12:23:03.867017+02:00] PHP_BASICS.INFO: SELECT * FROM tasks [] []
[2021-05-09T12:23:05.978199+02:00] PHP_BASICS.INFO: DELETE FROM tasks WHERE id = 5 [] []
[2021-05-09T12:23:06.078037+02:00] PHP_BASICS.INFO: SELECT * FROM tasks [] []
[2021-05-09T12:46:27.562372+02:00] PHP_BASICS.INFO: DELETE FROM tasks WHERE id = 6 [] []
[2021-05-09T12:46:27.661105+02:00] PHP_BASICS.INFO: SELECT * FROM tasks [] []
[2021-05-09T12:46:28.479703+02:00] PHP_BASICS.INFO: DELETE FROM tasks WHERE id = 4 [] []
[2021-05-09T12:46:28.608223+02:00] PHP_BASICS.INFO: SELECT * FROM tasks [] []
[2021-05-09T12:46:29.016980+02:00] PHP_BASICS.INFO: DELETE FROM tasks WHERE id = 3 [] []
[2021-05-09T12:46:29.463829+02:00] PHP_BASICS.INFO: SELECT * FROM tasks [] []
[2021-05-09T12:46:34.510854+02:00] PHP_BASICS.INFO: SELECT * FROM tasks WHERE completed = 0 [] []
[2021-05-09T12:46:35.358805+02:00] PHP_BASICS.INFO: SELECT * FROM tasks WHERE completed = 1 [] []
[2021-05-09T12:46:37.089909+02:00] PHP_BASICS.INFO: SELECT * FROM tasks WHERE completed = 0 [] []
[2021-05-09T12:46:38.764516+02:00] PHP_BASICS.INFO: SELECT * FROM tasks [] []
[2021-05-10T00:02:16.724352+02:00] PHP_BASICS.INFO: SELECT * FROM tasks [] []
